[bracketweb.com/delogis-html/main-html/index2.html]
[backblue.gif]
[fade.gif]
[index.html]
[bracketweb.com/delogis-html/main-html/assets/images/favicons/apple-touch-icon.png]
[bracketweb.com/delogis-html/main-html/assets/images/favicons/favicon-32x32.png]
[bracketweb.com/delogis-html/main-html/assets/images/favicons/favicon-16x16.png]
[bracketweb.com/delogis-html/main-html/assets/images/favicons/site.webmanifest]
[bracketweb.com/delogis-html/main-html/assets/vendors/bootstrap/css/bootstrap.min.css]
[bracketweb.com/delogis-html/main-html/assets/vendors/animate/animate.min.css]
[bracketweb.com/delogis-html/main-html/assets/vendors/animate/custom-animate.css]
[bracketweb.com/delogis-html/main-html/assets/vendors/fontawesome/css/all.min.css]
[bracketweb.com/delogis-html/main-html/assets/vendors/jarallax/jarallax.css]
[bracketweb.com/delogis-html/main-html/assets/vendors/jquery-magnific-popup/jquery.magnific-popup.css]
[bracketweb.com/delogis-html/main-html/assets/vendors/nouislider/nouislider.min.css]
[bracketweb.com/delogis-html/main-html/assets/vendors/nouislider/nouislider.pips.css]
[bracketweb.com/delogis-html/main-html/assets/vendors/odometer/odometer.min.css]
[bracketweb.com/delogis-html/main-html/assets/vendors/swiper/swiper.min.css]
[bracketweb.com/delogis-html/main-html/assets/vendors/delogis-icons/style.css]
[bracketweb.com/delogis-html/main-html/assets/vendors/tiny-slider/tiny-slider.min.css]
[bracketweb.com/delogis-html/main-html/assets/vendors/reey-font/stylesheet.css]
[bracketweb.com/delogis-html/main-html/assets/vendors/alagambe-font/stylesheet.css]
[bracketweb.com/delogis-html/main-html/assets/vendors/owl-carousel/owl.carousel.min.css]
[bracketweb.com/delogis-html/main-html/assets/vendors/owl-carousel/owl.theme.default.min.css]
[bracketweb.com/delogis-html/main-html/assets/vendors/bxslider/jquery.bxslider.css]
[bracketweb.com/delogis-html/main-html/assets/vendors/bootstrap-select/css/bootstrap-select.min.css]
[bracketweb.com/delogis-html/main-html/assets/vendors/vegas/vegas.min.css]
[bracketweb.com/delogis-html/main-html/assets/vendors/jquery-ui/jquery-ui.css]
[bracketweb.com/delogis-html/main-html/assets/vendors/timepicker/timePicker.css]
[bracketweb.com/delogis-html/main-html/assets/css/delogis.css]
[bracketweb.com/delogis-html/main-html/about.html]
[bracketweb.com/delogis-html/main-html/faq.html]
[bracketweb.com/delogis-html/main-html/contact.html]
[bracketweb.com/delogis-html/main-html/index.html]
[bracketweb.com/delogis-html/main-html/assets/images/resources/logo-2.png]
[bracketweb.com/delogis-html/main-html/assets/images/home-showcase/home-1-4.png]
[bracketweb.com/delogis-html/main-html/index4.html]
[bracketweb.com/delogis-html/main-html/index4-one-page.html]
[bracketweb.com/delogis-html/main-html/index4-dark.html]
[bracketweb.com/delogis-html/main-html/assets/images/home-showcase/home-1-5.png]
[bracketweb.com/delogis-html/main-html/index5.html]
[bracketweb.com/delogis-html/main-html/index5-one-page.html]
[bracketweb.com/delogis-html/main-html/index5-dark.html]
[bracketweb.com/delogis-html/main-html/assets/images/home-showcase/home-1-1.png]
[bracketweb.com/delogis-html/main-html/index-one-page.html]
[bracketweb.com/delogis-html/main-html/index-dark.html]
[bracketweb.com/delogis-html/main-html/assets/images/home-showcase/home-1-2.png]
[bracketweb.com/delogis-html/main-html/index2-one-page.html]
[bracketweb.com/delogis-html/main-html/index2-dark.html]
[bracketweb.com/delogis-html/main-html/assets/images/home-showcase/home-1-3.png]
[bracketweb.com/delogis-html/main-html/index3.html]
[bracketweb.com/delogis-html/main-html/index3-one-page.html]
[bracketweb.com/delogis-html/main-html/index3-dark.html]
[bracketweb.com/delogis-html/main-html/assets/images/home-showcase/home-boxed.png]
[bracketweb.com/delogis-html/main-html/index-boxed.html]
[bracketweb.com/delogis-html/main-html/assets/images/home-showcase/home-rtl.png]
[bracketweb.com/delogis-html/main-html/index-rtl.html]
[bracketweb.com/delogis-html/main-html/team.html]
[bracketweb.com/delogis-html/main-html/team-2.html]
[bracketweb.com/delogis-html/main-html/team-carousel.html]
[bracketweb.com/delogis-html/main-html/team-details.html]
[bracketweb.com/delogis-html/main-html/make-appointment.html]
[bracketweb.com/delogis-html/main-html/gallery.html]
[bracketweb.com/delogis-html/main-html/pricing-plans.html]
[bracketweb.com/delogis-html/main-html/login.html]
[bracketweb.com/delogis-html/main-html/404.html]
[bracketweb.com/delogis-html/main-html/services.html]
[bracketweb.com/delogis-html/main-html/services-2.html]
[bracketweb.com/delogis-html/main-html/services-3.html]
[bracketweb.com/delogis-html/main-html/services-carousel.html]
[bracketweb.com/delogis-html/main-html/dating-relationship.html]
[bracketweb.com/delogis-html/main-html/self-esteem-issues.html]
[bracketweb.com/delogis-html/main-html/family-psycology.html]
[bracketweb.com/delogis-html/main-html/career-counseling.html]
[bracketweb.com/delogis-html/main-html/anxiety-grief.html]
[bracketweb.com/delogis-html/main-html/young-adult-intensive.html]
[bracketweb.com/delogis-html/main-html/cases-1.html]
[bracketweb.com/delogis-html/main-html/cases-2.html]
[bracketweb.com/delogis-html/main-html/cases-3.html]
[bracketweb.com/delogis-html/main-html/cases-4.html]
[bracketweb.com/delogis-html/main-html/cases-carousel.html]
[bracketweb.com/delogis-html/main-html/case-details.html]
[bracketweb.com/delogis-html/main-html/products.html]
[bracketweb.com/delogis-html/main-html/product-details.html]
[bracketweb.com/delogis-html/main-html/cart.html]
[bracketweb.com/delogis-html/main-html/checkout.html]
[bracketweb.com/delogis-html/main-html/blog-2.html]
[bracketweb.com/delogis-html/main-html/blog-3.html]
[bracketweb.com/delogis-html/main-html/blog.html]
[bracketweb.com/delogis-html/main-html/blog-4.html]
[bracketweb.com/delogis-html/main-html/blog-5.html]
[bracketweb.com/delogis-html/main-html/blog-6.html]
[bracketweb.com/delogis-html/main-html/blog-sidebar.html]
[bracketweb.com/delogis-html/main-html/blog-7.html]
[bracketweb.com/delogis-html/main-html/blog-8.html]
[bracketweb.com/delogis-html/main-html/blog-carousel.html]
[bracketweb.com/delogis-html/main-html/blog-details.html]
[bracketweb.com/delogis-html/main-html/blog-details-2.html]
[bracketweb.com/delogis-html/main-html/blog-details-3.html]
[bracketweb.com/delogis-html/main-html/assets/images/backgrounds/slider-2-1.jpg]
[bracketweb.com/delogis-html/main-html/assets/images/backgrounds/slider-2-2.jpg]
[bracketweb.com/delogis-html/main-html/assets/images/backgrounds/slider-2-3.jpg]
[bracketweb.com/delogis-html/main-html/assets/images/resources/about-two-img-1.jpg]
[bracketweb.com/delogis-html/main-html/assets/images/services/services-2-1.jpg]
[bracketweb.com/delogis-html/main-html/assets/images/services/services-2-2.jpg]
[bracketweb.com/delogis-html/main-html/assets/images/services/services-2-3.jpg]
[bracketweb.com/delogis-html/main-html/assets/images/backgrounds/why-choose-two-bg.png]
[bracketweb.com/delogis-html/main-html/assets/images/resources/why-choose-two-img-1.jpg]
[bracketweb.com/delogis-html/main-html/assets/images/resources/why-choose-two-img-2.jpg]
[bracketweb.com/delogis-html/main-html/assets/images/shapes/tabs-one-shape-1.png]
[bracketweb.com/delogis-html/main-html/assets/images/resources/tabs-1-1.jpg]
[bracketweb.com/delogis-html/main-html/assets/images/resources/tabs-1-2.jpg]
[bracketweb.com/delogis-html/main-html/assets/images/resources/tabs-1-3.jpg]
[bracketweb.com/delogis-html/main-html/assets/images/shapes/testimonial-two-shape-1.png]
[bracketweb.com/delogis-html/main-html/assets/images/icon/testimonial-two-icon-quote.png]
[bracketweb.com/delogis-html/main-html/assets/images/testimonial/testimonial-2-1.jpg]
[bracketweb.com/delogis-html/main-html/assets/images/testimonial/testimonial-2-2.jpg]
[bracketweb.com/delogis-html/main-html/assets/images/testimonial/testimonial-2-3.jpg]
[bracketweb.com/delogis-html/main-html/assets/images/testimonial/testimonial-2-4.jpg]
[bracketweb.com/delogis-html/main-html/assets/images/backgrounds/counter-one-bg.jpg]
[bracketweb.com/delogis-html/main-html/assets/images/project/cases-2-1.jpg]
[bracketweb.com/delogis-html/main-html/assets/images/project/cases-2-2.jpg]
[bracketweb.com/delogis-html/main-html/assets/images/project/cases-2-3.jpg]
[bracketweb.com/delogis-html/main-html/assets/images/project/cases-2-4.jpg]
[bracketweb.com/delogis-html/main-html/assets/images/resources/cta-two-img.jpg]
[bracketweb.com/delogis-html/main-html/assets/images/backgrounds/faq-one-bg.png]
[bracketweb.com/delogis-html/main-html/assets/images/resources/faq-one-img.jpg]
[bracketweb.com/delogis-html/main-html/assets/images/blog/blog-1-1.jpg]
[bracketweb.com/delogis-html/main-html/assets/images/blog/blog-content-img.jpg]
[bracketweb.com/delogis-html/main-html/assets/images/blog/blog-1-2.jpg]
[bracketweb.com/delogis-html/main-html/assets/images/blog/blog-1-3.jpg]
[bracketweb.com/delogis-html/main-html/assets/images/brand/brand-1-1.png]
[bracketweb.com/delogis-html/main-html/assets/images/brand/brand-1-2.png]
[bracketweb.com/delogis-html/main-html/assets/images/brand/brand-1-3.png]
[bracketweb.com/delogis-html/main-html/assets/images/brand/brand-1-4.png]
[bracketweb.com/delogis-html/main-html/assets/images/brand/brand-1-5.png]
[bracketweb.com/delogis-html/main-html/assets/images/backgrounds/contact-two-bg.jpg]
[bracketweb.com/delogis-html/main-html/assets/images/icon/contact-box-icon.png]
[bracketweb.com/delogis-html/main-html/assets/images/shapes/contact-two-shape-1.png]
[bracketweb.com/delogis-html/main-html/assets/images/shapes/site-footer-shape-1.png]
[bracketweb.com/delogis-html/main-html/assets/images/shapes/site-footer-social-shape.png]
[bracketweb.com/delogis-html/main-html/assets/images/resources/footer-logo.png]
[bracketweb.com/delogis-html/main-html/assets/vendors/jquery/jquery-3.6.0.min.js]
[bracketweb.com/delogis-html/main-html/assets/vendors/bootstrap/js/bootstrap.bundle.min.js]
[bracketweb.com/delogis-html/main-html/assets/vendors/jarallax/jarallax.min.js]
[bracketweb.com/delogis-html/main-html/assets/vendors/jquery-ajaxchimp/jquery.ajaxchimp.min.js]
[bracketweb.com/delogis-html/main-html/assets/vendors/jquery-appear/jquery.appear.min.js]
[bracketweb.com/delogis-html/main-html/assets/vendors/jquery-circle-progress/jquery.circle-progress.min.js]
[bracketweb.com/delogis-html/main-html/assets/vendors/jquery-magnific-popup/jquery.magnific-popup.min.js]
[bracketweb.com/delogis-html/main-html/assets/vendors/jquery-validate/jquery.validate.min.js]
[bracketweb.com/delogis-html/main-html/assets/vendors/nouislider/nouislider.min.js]
[bracketweb.com/delogis-html/main-html/assets/vendors/odometer/odometer.min.js]
[bracketweb.com/delogis-html/main-html/assets/vendors/swiper/swiper.min.js]
[bracketweb.com/delogis-html/main-html/assets/vendors/tiny-slider/tiny-slider.min.js]
[bracketweb.com/delogis-html/main-html/assets/vendors/wnumb/wNumb.min.js]
[bracketweb.com/delogis-html/main-html/assets/vendors/wow/wow.js]
[bracketweb.com/delogis-html/main-html/assets/vendors/isotope/isotope.js]
[bracketweb.com/delogis-html/main-html/assets/vendors/countdown/countdown.min.js]
[bracketweb.com/delogis-html/main-html/assets/vendors/owl-carousel/owl.carousel.min.js]
[bracketweb.com/delogis-html/main-html/assets/vendors/bxslider/jquery.bxslider.min.js]
[bracketweb.com/delogis-html/main-html/assets/vendors/bootstrap-select/js/bootstrap-select.min.js]
[bracketweb.com/delogis-html/main-html/assets/vendors/vegas/vegas.min.js]
[bracketweb.com/delogis-html/main-html/assets/vendors/timepicker/timePicker.js]
[bracketweb.com/delogis-html/main-html/assets/vendors/jquery-ui/jquery-ui.js]
[bracketweb.com/delogis-html/main-html/assets/vendors/circleType/jquery.circleType.js]
[bracketweb.com/delogis-html/main-html/assets/vendors/circleType/jquery.lettering.min.js]
[bracketweb.com/delogis-html/main-html/assets/js/delogis.js]
[bracketweb.com/delogis-html/main-html/index2.html]
[bracketweb.com/delogis-html/main-html/assets/vendors/bootstrap/css/bootstrap.min.css]
[bracketweb.com/delogis-html/main-html/assets/vendors/animate/animate.min.css]
[bracketweb.com/delogis-html/main-html/assets/vendors/animate/custom-animate.css]
[bracketweb.com/delogis-html/main-html/assets/vendors/fontawesome/webfonts/fa-brands-400d41d.eot]
[bracketweb.com/delogis-html/main-html/assets/vendors/fontawesome/webfonts/fa-brands-400.eot]
[bracketweb.com/delogis-html/main-html/assets/vendors/fontawesome/webfonts/fa-brands-400.woff2]
[bracketweb.com/delogis-html/main-html/assets/vendors/fontawesome/webfonts/fa-brands-400.woff]
[bracketweb.com/delogis-html/main-html/assets/vendors/fontawesome/webfonts/fa-brands-400.ttf]
[bracketweb.com/delogis-html/main-html/assets/vendors/fontawesome/webfonts/fa-regular-400.eot]
[bracketweb.com/delogis-html/main-html/assets/vendors/fontawesome/webfonts/fa-regular-400d41d.eot]
[bracketweb.com/delogis-html/main-html/assets/vendors/fontawesome/webfonts/fa-regular-400.woff2]
[bracketweb.com/delogis-html/main-html/assets/vendors/fontawesome/webfonts/fa-brands-400.svg]
[bracketweb.com/delogis-html/main-html/assets/vendors/fontawesome/webfonts/fa-regular-400.woff]
[bracketweb.com/delogis-html/main-html/assets/vendors/fontawesome/webfonts/fa-regular-400.ttf]
[bracketweb.com/delogis-html/main-html/assets/vendors/fontawesome/webfonts/fa-regular-400.svg]
[bracketweb.com/delogis-html/main-html/assets/vendors/fontawesome/webfonts/fa-solid-900.eot]
[bracketweb.com/delogis-html/main-html/assets/vendors/fontawesome/webfonts/fa-solid-900.woff2]
[bracketweb.com/delogis-html/main-html/assets/vendors/fontawesome/webfonts/fa-solid-900.woff]
[bracketweb.com/delogis-html/main-html/assets/vendors/fontawesome/webfonts/fa-solid-900d41d.eot]
[bracketweb.com/delogis-html/main-html/assets/vendors/fontawesome/webfonts/fa-solid-900.ttf]
[bracketweb.com/delogis-html/main-html/assets/vendors/fontawesome/css/all.min.css]
[bracketweb.com/delogis-html/main-html/assets/vendors/jarallax/jarallax.css]
[bracketweb.com/delogis-html/main-html/assets/vendors/jquery-magnific-popup/jquery.magnific-popup.css]
[bracketweb.com/delogis-html/main-html/assets/vendors/nouislider/nouislider.min.css]
[bracketweb.com/delogis-html/main-html/assets/vendors/nouislider/nouislider.pips.css]
[bracketweb.com/delogis-html/main-html/assets/vendors/odometer/odometer.min.css]
[bracketweb.com/delogis-html/main-html/assets/vendors/swiper/swiper.min.css]
[bracketweb.com/delogis-html/main-html/assets/vendors/fontawesome/webfonts/fa-solid-900.svg]
[bracketweb.com/delogis-html/main-html/assets/vendors/delogis-icons/fonts/icomoon78ed.eot]
[bracketweb.com/delogis-html/main-html/assets/vendors/delogis-icons/fonts/icomoon78ed.ttf]
[bracketweb.com/delogis-html/main-html/assets/vendors/delogis-icons/fonts/icomoon78ed.woff]
[bracketweb.com/delogis-html/main-html/assets/vendors/delogis-icons/style.css]
[bracketweb.com/delogis-html/main-html/assets/vendors/tiny-slider/tiny-slider.min.css]
[bracketweb.com/delogis-html/main-html/assets/vendors/reey-font/reey-regular-webfont.woff2]
[bracketweb.com/delogis-html/main-html/assets/vendors/delogis-icons/fonts/icomoon78ed.svg]
[bracketweb.com/delogis-html/main-html/assets/vendors/reey-font/reey-regular-webfont.woff]
[bracketweb.com/delogis-html/main-html/assets/vendors/reey-font/stylesheet.css]
[bracketweb.com/delogis-html/main-html/assets/vendors/alagambe-font/alagambe-webfont.woff2]
[bracketweb.com/delogis-html/main-html/assets/vendors/alagambe-font/alagambe-webfont.woff]
[bracketweb.com/delogis-html/main-html/assets/vendors/alagambe-font/stylesheet.css]
[bracketweb.com/delogis-html/main-html/assets/vendors/owl-carousel/owl.carousel.min.css]
[bracketweb.com/delogis-html/main-html/assets/vendors/owl-carousel/owl.theme.default.min.css]
[bracketweb.com/delogis-html/main-html/assets/vendors/bxslider/jquery.bxslider.css]
[bracketweb.com/delogis-html/main-html/assets/vendors/bootstrap-select/css/bootstrap-select.min.css]
[bracketweb.com/delogis-html/main-html/assets/vendors/vegas/vegas.min.css]
[bracketweb.com/delogis-html/main-html/assets/vendors/jquery-ui/images/ui-bg_highlight-soft_75_cccccc_1x100.png]
[bracketweb.com/delogis-html/main-html/assets/vendors/jquery-ui/images/ui-bg_glass_75_e6e6e6_1x400.png]
[bracketweb.com/delogis-html/main-html/assets/vendors/jquery-ui/images/ui-bg_glass_75_dadada_1x400.png]
[bracketweb.com/delogis-html/main-html/assets/vendors/jquery-ui/images/ui-bg_glass_65_ffffff_1x400.png]
[bracketweb.com/delogis-html/main-html/assets/vendors/jquery-ui/images/ui-bg_glass_55_fbf9ee_1x400.png]
[bracketweb.com/delogis-html/main-html/assets/vendors/jquery-ui/images/ui-bg_glass_95_fef1ec_1x400.png]
[bracketweb.com/delogis-html/main-html/assets/vendors/jquery-ui/images/ui-icons_222222_256x240.png]
[bracketweb.com/delogis-html/main-html/assets/vendors/jquery-ui/images/ui-icons_888888_256x240.png]
[bracketweb.com/delogis-html/main-html/assets/vendors/jquery-ui/images/ui-icons_454545_256x240.png]
[bracketweb.com/delogis-html/main-html/assets/vendors/jquery-ui/images/ui-icons_2e83ff_256x240.png]
[bracketweb.com/delogis-html/main-html/assets/vendors/jquery-ui/images/ui-icons_cd0a0a_256x240.png]
[bracketweb.com/delogis-html/main-html/assets/vendors/jquery-ui/jquery-ui.css]
[bracketweb.com/delogis-html/main-html/assets/vendors/timepicker/timePicker.css]
[bracketweb.com/delogis-html/main-html/assets/images/shapes/section-title-shape.png]
[bracketweb.com/delogis-html/main-html/assets/images/loader.png]
[bracketweb.com/delogis-html/main-html/assets/images/shapes/main-slider-two-shape-1.png]
[bracketweb.com/delogis-html/main-html/assets/images/shapes/main-slider-three-shape-2.png]
[bracketweb.com/delogis-html/main-html/assets/images/shapes/section-title-shape-2.png]
[bracketweb.com/delogis-html/main-html/assets/css/delogis.css]
[bracketweb.com/delogis-html/main-html/assets/images/resources/logo-1.png]
[bracketweb.com/delogis-html/main-html/assets/images/backgrounds/page-header-bg.jpg]
[bracketweb.com/delogis-html/main-html/assets/images/resources/about-four-img-1.jpg]
[bracketweb.com/delogis-html/main-html/assets/images/backgrounds/testimonial-three-bg.jpg]
[bracketweb.com/delogis-html/main-html/assets/images/testimonial/testimonial-3-1.jpg]
[bracketweb.com/delogis-html/main-html/assets/images/icon/icon-quote.png]
[bracketweb.com/delogis-html/main-html/assets/images/testimonial/testimonial-3-2.jpg]
[bracketweb.com/delogis-html/main-html/assets/images/testimonial/testimonial-3-3.jpg]
[bracketweb.com/delogis-html/main-html/assets/images/team/team-1-1.jpg]
[bracketweb.com/delogis-html/main-html/assets/images/team/team-1-2.jpg]
[bracketweb.com/delogis-html/main-html/assets/images/team/team-1-3.jpg]
[bracketweb.com/delogis-html/main-html/about.html]
[bracketweb.com/delogis-html/main-html/assets/images/shapes/faq-search-shape-1.png]
[bracketweb.com/delogis-html/main-html/assets/images/backgrounds/faq-page-content-bg.jpg]
[bracketweb.com/delogis-html/main-html/faq.html]
[bracketweb.com/delogis-html/main-html/assets/images/shapes/contact-details-shape-1.png]
[bracketweb.com/delogis-html/main-html/contact.html]
[bracketweb.com/delogis-html/main-html/assets/images/backgrounds/slider-1-1.jpg]
[bracketweb.com/delogis-html/main-html/assets/images/backgrounds/slider-1-2.jpg]
[bracketweb.com/delogis-html/main-html/assets/images/backgrounds/slider-1-3.jpg]
[bracketweb.com/delogis-html/main-html/assets/images/resources/about-one-img-1.jpg]
[bracketweb.com/delogis-html/main-html/assets/images/icon/about-one-curved-circle-icon.png]
[bracketweb.com/delogis-html/main-html/assets/images/resources/feature-1-1.jpg]
[bracketweb.com/delogis-html/main-html/assets/images/shapes/feature-one-shape-1.png]
[bracketweb.com/delogis-html/main-html/assets/images/resources/feature-1-2.jpg]
[bracketweb.com/delogis-html/main-html/assets/images/resources/feature-1-3.jpg]
[bracketweb.com/delogis-html/main-html/assets/images/backgrounds/services-one-bg.png]
[bracketweb.com/delogis-html/main-html/assets/images/backgrounds/get-one-bg.jpg]
[bracketweb.com/delogis-html/main-html/assets/images/resources/get-one-img-1.png]
[bracketweb.com/delogis-html/main-html/assets/images/shapes/get-one-shape-1.png]
[bracketweb.com/delogis-html/main-html/assets/images/shapes/get-one-shape-2.png]
[bracketweb.com/delogis-html/main-html/assets/images/shapes/get-one-shape-3.png]
[bracketweb.com/delogis-html/main-html/assets/images/shapes/get-one-shape-4.png]
[bracketweb.com/delogis-html/main-html/assets/images/shapes/get-one-shape-5.png]
[bracketweb.com/delogis-html/main-html/assets/images/shapes/cta-one-shape-1.png]
[bracketweb.com/delogis-html/main-html/assets/images/backgrounds/awards-one-bg.png]
[bracketweb.com/delogis-html/main-html/assets/images/shapes/awards-one-shape-1.png]
[bracketweb.com/delogis-html/main-html/assets/images/shapes/awards-one-shape-2.png]
[bracketweb.com/delogis-html/main-html/assets/images/testimonial/testimonial-1-1.jpg]
[bracketweb.com/delogis-html/main-html/assets/images/testimonial/testimonial-1-2.jpg]
[bracketweb.com/delogis-html/main-html/assets/images/testimonial/testimonial-1-3.jpg]
[bracketweb.com/delogis-html/main-html/assets/images/backgrounds/cases-one-bg.png]
[bracketweb.com/delogis-html/main-html/assets/images/project/cases-1-1.jpg]
[bracketweb.com/delogis-html/main-html/assets/images/project/cases-1-2.jpg]
[bracketweb.com/delogis-html/main-html/assets/images/project/cases-1-3.jpg]
[bracketweb.com/delogis-html/main-html/assets/images/project/cases-1-4.jpg]
[bracketweb.com/delogis-html/main-html/assets/images/shapes/contact-one-shape-1.png]
[bracketweb.com/delogis-html/main-html/assets/images/shapes/contact-one-shape-2.png]
[bracketweb.com/delogis-html/main-html/assets/images/resources/contact-one-img-1.png]
[bracketweb.com/delogis-html/main-html/assets/images/backgrounds/contact-one-contact-box-bg.png]
[bracketweb.com/delogis-html/main-html/index.html]
[bracketweb.com/delogis-html/main-html/assets/vendors/delogis-icons-two/style.css]
[bracketweb.com/delogis-html/main-html/assets/css/delogis-color-1.css]
[bracketweb.com/delogis-html/main-html/assets/images/resources/logo-3.png]
[bracketweb.com/delogis-html/main-html/assets/images/backgrounds/slider-4-1.jpg]
[bracketweb.com/delogis-html/main-html/assets/images/backgrounds/slider-4-2.jpg]
[bracketweb.com/delogis-html/main-html/assets/images/resources/about-5-1.jpg]
[bracketweb.com/delogis-html/main-html/assets/images/shapes/about-4-star.png]
[bracketweb.com/delogis-html/main-html/assets/images/shapes/about-4-shape-1.png]
[bracketweb.com/delogis-html/main-html/assets/images/shapes/logo-icon.png]
[bracketweb.com/delogis-html/main-html/assets/images/shapes/about-4-brain.png]
[bracketweb.com/delogis-html/main-html/assets/images/resources/about-5-2.jpg]
[bracketweb.com/delogis-html/main-html/assets/images/services/services-4-1.jpg]
[bracketweb.com/delogis-html/main-html/assets/images/services/services-4-2.jpg]
[bracketweb.com/delogis-html/main-html/assets/images/services/services-4-3.jpg]
[bracketweb.com/delogis-html/main-html/assets/images/shapes/why-choose-4-bg.png]
[bracketweb.com/delogis-html/main-html/assets/images/resources/why-choose-4.jpg]
[bracketweb.com/delogis-html/main-html/assets/images/shapes/quote.png]
[bracketweb.com/delogis-html/main-html/assets/images/testimonial/testimonial-4-1.jpg]
[bracketweb.com/delogis-html/main-html/assets/images/testimonial/testimonial-4-2.jpg]
[bracketweb.com/delogis-html/main-html/assets/images/testimonial/testimonial-4-3.jpg]
[bracketweb.com/delogis-html/main-html/assets/images/shapes/team-2-1.png]
[bracketweb.com/delogis-html/main-html/assets/images/team/team-2-1.jpg]
[bracketweb.com/delogis-html/main-html/assets/images/team/team-2-2.jpg]
[bracketweb.com/delogis-html/main-html/assets/images/team/team-2-3.jpg]
[bracketweb.com/delogis-html/main-html/assets/images/shapes/team-2-2.png]
[bracketweb.com/delogis-html/main-html/assets/images/backgrounds/feature-bg-4.jpg]
[bracketweb.com/delogis-html/main-html/assets/images/resources/feature-4-1.jpg]
[bracketweb.com/delogis-html/main-html/assets/images/resources/feature-4-1-hover.jpg]
[bracketweb.com/delogis-html/main-html/assets/images/resources/feature-4-2.jpg]
[bracketweb.com/delogis-html/main-html/assets/images/resources/feature-4-2-hover.jpg]
[bracketweb.com/delogis-html/main-html/assets/images/resources/feature-4-3.jpg]
[bracketweb.com/delogis-html/main-html/assets/images/resources/feature-4-3-hover.jpg]
[bracketweb.com/delogis-html/main-html/assets/images/shapes/cta-bg-3.png]
[bracketweb.com/delogis-html/main-html/assets/images/project/cases-4-1.jpg]
[bracketweb.com/delogis-html/main-html/assets/images/project/cases-4-2.jpg]
[bracketweb.com/delogis-html/main-html/assets/images/project/cases-4-3.jpg]
[bracketweb.com/delogis-html/main-html/assets/images/project/cases-4-4.jpg]
[bracketweb.com/delogis-html/main-html/assets/images/shapes/contact-4-shape-1.png]
[bracketweb.com/delogis-html/main-html/assets/images/resources/contact-4-1.jpg]
[bracketweb.com/delogis-html/main-html/assets/images/blog/blog-3-1.jpg]
[bracketweb.com/delogis-html/main-html/assets/images/brand/brand-2-1.png]
[bracketweb.com/delogis-html/main-html/assets/images/shapes/footer-2-shape-1.png]
[bracketweb.com/delogis-html/main-html/assets/images/shapes/footer-2-shape-2.png]
[bracketweb.com/delogis-html/main-html/assets/images/resources/gallery-1.jpg]
[bracketweb.com/delogis-html/main-html/assets/images/resources/gallery-2.jpg]
[bracketweb.com/delogis-html/main-html/assets/images/resources/gallery-3.jpg]
[bracketweb.com/delogis-html/main-html/assets/images/resources/gallery-4.jpg]
[bracketweb.com/delogis-html/main-html/index4.html]
[bracketweb.com/delogis-html/main-html/index4-one-page.html]
[bracketweb.com/delogis-html/main-html/assets/css/delogis-dark.css]
[bracketweb.com/delogis-html/main-html/assets/images/shapes/why-choose-4-bg-dark.png]
[bracketweb.com/delogis-html/main-html/assets/images/shapes/contact-4-shape-1-dark.png]
[bracketweb.com/delogis-html/main-html/assets/images/brand/brand-1-1-dark.png]
[bracketweb.com/delogis-html/main-html/index4-dark.html]
[bracketweb.com/delogis-html/main-html/assets/css/delogis-color-2.css]
[bracketweb.com/delogis-html/main-html/assets/images/resources/logo-4.png]
[bracketweb.com/delogis-html/main-html/assets/images/backgrounds/slider-5-bg.jpg]
[bracketweb.com/delogis-html/main-html/assets/images/shapes/slider-5-shape-1.png]
[bracketweb.com/delogis-html/main-html/assets/images/backgrounds/slider-5-1.jpg]
[bracketweb.com/delogis-html/main-html/assets/images/shapes/slider-5-shape-2.png]
[bracketweb.com/delogis-html/main-html/assets/images/backgrounds/slider-5-2.jpg]
[bracketweb.com/delogis-html/main-html/assets/images/backgrounds/slider-5-3.jpg]
[bracketweb.com/delogis-html/main-html/assets/images/resources/feature-6-1.jpg]
[bracketweb.com/delogis-html/main-html/assets/images/shapes/about-bg-6.png]
[bracketweb.com/delogis-html/main-html/assets/images/resources/about-6-1.jpg]
[bracketweb.com/delogis-html/main-html/assets/images/shapes/logo-icon-2.png]
[bracketweb.com/delogis-html/main-html/assets/images/resources/about-6-2.jpg]
[bracketweb.com/delogis-html/main-html/assets/images/services/services-5-1.jpg]
[bracketweb.com/delogis-html/main-html/assets/images/services/services-5-2.jpg]
[bracketweb.com/delogis-html/main-html/assets/images/services/services-5-3.jpg]
[bracketweb.com/delogis-html/main-html/assets/images/services/services-5-4.jpg]
[bracketweb.com/delogis-html/main-html/assets/images/backgrounds/cases-bg-5.jpg]
[bracketweb.com/delogis-html/main-html/assets/images/project/cases-5-1.jpg]
[bracketweb.com/delogis-html/main-html/assets/images/project/cases-5-2.jpg]
[bracketweb.com/delogis-html/main-html/assets/images/project/cases-5-3.jpg]
[bracketweb.com/delogis-html/main-html/assets/images/project/cases-5-4.jpg]
[bracketweb.com/delogis-html/main-html/assets/images/resources/logo-5.png]
[bracketweb.com/delogis-html/main-html/assets/images/resources/reviewer-1.jpg]
[bracketweb.com/delogis-html/main-html/assets/images/resources/reviewer-2.jpg]
[bracketweb.com/delogis-html/main-html/assets/images/resources/reviewer-3.jpg]
[bracketweb.com/delogis-html/main-html/assets/images/resources/reviewer-4.jpg]
[bracketweb.com/delogis-html/main-html/assets/images/testimonial/testimonial-5-1.jpg]
[bracketweb.com/delogis-html/main-html/assets/images/testimonial/testimonial-5-2.jpg]
[bracketweb.com/delogis-html/main-html/assets/images/testimonial/testimonial-5-3.jpg]
[bracketweb.com/delogis-html/main-html/assets/images/backgrounds/video-bg.jpg]
[bracketweb.com/delogis-html/main-html/assets/images/shapes/video-shape.png]
[bracketweb.com/delogis-html/main-html/assets/images/resources/why-choose-5.jpg]
[bracketweb.com/delogis-html/main-html/assets/images/shapes/feature-bg-5.jpg]
[bracketweb.com/delogis-html/main-html/assets/images/resources/feature-5-1.jpg]
[bracketweb.com/delogis-html/main-html/assets/images/resources/feature-5-2.jpg]
[bracketweb.com/delogis-html/main-html/assets/images/blog/blog-4-1.jpg]
[bracketweb.com/delogis-html/main-html/assets/images/blog/blog-4-2.jpg]
[bracketweb.com/delogis-html/main-html/assets/images/blog/blog-4-3.jpg]
[bracketweb.com/delogis-html/main-html/assets/images/shapes/footer-2-shape-1-home-five.png]
[bracketweb.com/delogis-html/main-html/assets/images/shapes/footer-2-shape-2-home-five.png]
[bracketweb.com/delogis-html/main-html/assets/images/resources/logo-6.png]
[bracketweb.com/delogis-html/main-html/index5.html]
[bracketweb.com/delogis-html/main-html/index5-one-page.html]
[bracketweb.com/delogis-html/main-html/assets/images/shapes/about-bg-6-dark.png]
[bracketweb.com/delogis-html/main-html/assets/images/shapes/feature-bg-5-dark.jpg]
[bracketweb.com/delogis-html/main-html/index5-dark.html]
[bracketweb.com/delogis-html/main-html/index-one-page.html]
[bracketweb.com/delogis-html/main-html/assets/images/backgrounds/services-one-bg-dark.jpg]
[bracketweb.com/delogis-html/main-html/assets/images/backgrounds/cases-one-bg-dark.png]
[bracketweb.com/delogis-html/main-html/assets/images/brand/brand-1-2-dark.png]
[bracketweb.com/delogis-html/main-html/assets/images/brand/brand-1-3-dark.png]
[bracketweb.com/delogis-html/main-html/assets/images/brand/brand-1-4-dark.png]
[bracketweb.com/delogis-html/main-html/assets/images/brand/brand-1-5-dark.png]
[bracketweb.com/delogis-html/main-html/index-dark.html]
[bracketweb.com/delogis-html/main-html/index2-one-page.html]
[bracketweb.com/delogis-html/main-html/index2-dark.html]
[bracketweb.com/delogis-html/main-html/assets/images/backgrounds/main-slider-three-bg.jpg]
[bracketweb.com/delogis-html/main-html/assets/images/shapes/main-slider-three-shape-3.png]
[bracketweb.com/delogis-html/main-html/assets/images/resources/main-slider-three-img-1.png]
[bracketweb.com/delogis-html/main-html/assets/images/shapes/main-slider-three-star-1.png]
[bracketweb.com/delogis-html/main-html/assets/images/shapes/main-slider-three-star-2.png]
[bracketweb.com/delogis-html/main-html/assets/images/shapes/main-slider-three-shape-1.png]
[bracketweb.com/delogis-html/main-html/assets/images/resources/main-slider-three-img-2.png]
[bracketweb.com/delogis-html/main-html/assets/images/resources/main-slider-three-img-3.png]
[bracketweb.com/delogis-html/main-html/assets/images/resources/feature-2-1.jpg]
[bracketweb.com/delogis-html/main-html/assets/images/resources/feature-2-2.jpg]
[bracketweb.com/delogis-html/main-html/assets/images/resources/feature-2-3.jpg]
[bracketweb.com/delogis-html/main-html/assets/images/resources/about-three-img-1.jpg]
[bracketweb.com/delogis-html/main-html/assets/images/resources/about-three-img-2.jpg]
[bracketweb.com/delogis-html/main-html/assets/images/backgrounds/services-three-bg.png]
[bracketweb.com/delogis-html/main-html/assets/images/services/services-3-1.jpg]
[bracketweb.com/delogis-html/main-html/assets/images/services/services-3-2.jpg]
[bracketweb.com/delogis-html/main-html/assets/images/services/services-3-3.jpg]
[bracketweb.com/delogis-html/main-html/assets/images/services/services-3-4.jpg]
[bracketweb.com/delogis-html/main-html/assets/images/resources/feature-3-1.jpg]
[bracketweb.com/delogis-html/main-html/assets/images/resources/feature-3-2.jpg]
[bracketweb.com/delogis-html/main-html/assets/images/shapes/counter-two-shape-1.png]
[bracketweb.com/delogis-html/main-html/assets/images/icon/pricing-icon-1.png]
[bracketweb.com/delogis-html/main-html/assets/images/icon/pricing-icon-2.png]
[bracketweb.com/delogis-html/main-html/assets/images/icon/pricing-icon-3.png]
[bracketweb.com/delogis-html/main-html/assets/images/project/cases-3-1.jpg]
[bracketweb.com/delogis-html/main-html/assets/images/project/cases-3-2.jpg]
[bracketweb.com/delogis-html/main-html/assets/images/project/cases-3-3.jpg]
[bracketweb.com/delogis-html/main-html/assets/images/resources/why-choose-three-img-1.jpg]
[bracketweb.com/delogis-html/main-html/assets/images/icon/experience-icon-1.png]
[bracketweb.com/delogis-html/main-html/assets/images/shapes/why-choose-three-shape-1.png]
[bracketweb.com/delogis-html/main-html/assets/images/resources/why-choose-three-img-2.jpg]
[bracketweb.com/delogis-html/main-html/assets/images/blog/blog-2-1.jpg]
[bracketweb.com/delogis-html/main-html/assets/images/blog/blog-2-2.jpg]
[bracketweb.com/delogis-html/main-html/assets/images/blog/blog-2-3.jpg]
[bracketweb.com/delogis-html/main-html/index3.html]
[bracketweb.com/delogis-html/main-html/index3-one-page.html]
[bracketweb.com/delogis-html/main-html/index3-dark.html]
[bracketweb.com/delogis-html/main-html/index-boxed.html]
[bracketweb.com/delogis-html/main-html/assets/css/delogis-rtl.css]
[bracketweb.com/delogis-html/main-html/assets/css/delogis-rtl-custom.css]
[bracketweb.com/delogis-html/main-html/assets/vendors/layerdrops-toolbar/css/layerdrops-toolbar.css]
[bracketweb.com/delogis-html/main-html/assets/images/resources/get-one-img-1-rtl.png]
[bracketweb.com/delogis-html/main-html/assets/images/shapes/get-one-shape-5-rtl.png]
[bracketweb.com/delogis-html/main-html/assets/images/shapes/contact-one-shape-1-rtl.png]
[bracketweb.com/delogis-html/main-html/assets/images/shapes/contact-one-shape-2-rtl.png]
[bracketweb.com/delogis-html/main-html/assets/images/resources/contact-one-img-1-rtl.png]
[bracketweb.com/delogis-html/main-html/assets/images/shapes/site-footer-shape-1-rtl.png]
[bracketweb.com/delogis-html/main-html/assets/images/shapes/site-footer-social-shape-rtl.png]
[bracketweb.com/delogis-html/main-html/assets/vendors/layerdrops-toolbar/js/js.cookie.min.js]
[bracketweb.com/delogis-html/main-html/assets/vendors/layerdrops-toolbar/js/jQuery.style.switcher.min.js]
[bracketweb.com/delogis-html/main-html/assets/vendors/layerdrops-toolbar/js/lang.js]
[translate.google.com/translate_a/elementa0d8.js]
[bracketweb.com/delogis-html/main-html/assets/vendors/layerdrops-toolbar/js/layerdrops-toolbar.js]
[bracketweb.com/delogis-html/main-html/index-rtl.html]
[bracketweb.com/delogis-html/main-html/assets/images/team/team-1-4.jpg]
[bracketweb.com/delogis-html/main-html/assets/images/team/team-1-5.jpg]
[bracketweb.com/delogis-html/main-html/assets/images/team/team-1-6.jpg]
[bracketweb.com/delogis-html/main-html/team.html]
[bracketweb.com/delogis-html/main-html/assets/images/team/team-2-4.jpg]
[bracketweb.com/delogis-html/main-html/assets/images/team/team-2-5.jpg]
[bracketweb.com/delogis-html/main-html/assets/images/team/team-2-6.jpg]
[bracketweb.com/delogis-html/main-html/team-2.html]
[bracketweb.com/delogis-html/main-html/team-carousel.html]
[bracketweb.com/delogis-html/main-html/assets/images/team/team-details-img-1.jpg]
[bracketweb.com/delogis-html/main-html/assets/images/team/certificate-1-1.jpg]
[bracketweb.com/delogis-html/main-html/assets/images/team/certificate-1-2.jpg]
[bracketweb.com/delogis-html/main-html/assets/images/team/certificate-1-3.jpg]
[bracketweb.com/delogis-html/main-html/assets/images/team/certificate-1-4.jpg]
[bracketweb.com/delogis-html/main-html/assets/images/backgrounds/contact-three-bg.png]
[bracketweb.com/delogis-html/main-html/team-details.html]
[bracketweb.com/delogis-html/main-html/assets/images/shapes/make-appointment-shape-1.png]
[bracketweb.com/delogis-html/main-html/assets/images/resources/make-appointment-img-1.jpg]
[bracketweb.com/delogis-html/main-html/assets/images/resources/make-appointment-img-2.jpg]
[bracketweb.com/delogis-html/main-html/make-appointment.html]
[bracketweb.com/delogis-html/main-html/assets/images/gallery/gallery-page-1-1.jpg]
[bracketweb.com/delogis-html/main-html/assets/images/gallery/gallery-page-1-2.jpg]
[bracketweb.com/delogis-html/main-html/assets/images/gallery/gallery-page-1-3.jpg]
[bracketweb.com/delogis-html/main-html/assets/images/gallery/gallery-page-1-4.jpg]
[bracketweb.com/delogis-html/main-html/assets/images/gallery/gallery-page-1-5.jpg]
[bracketweb.com/delogis-html/main-html/assets/images/gallery/gallery-page-1-6.jpg]
[bracketweb.com/delogis-html/main-html/assets/images/gallery/gallery-page-1-7.jpg]
[bracketweb.com/delogis-html/main-html/assets/images/gallery/gallery-page-1-8.jpg]
[bracketweb.com/delogis-html/main-html/assets/images/gallery/gallery-page-1-9.jpg]
[bracketweb.com/delogis-html/main-html/gallery.html]
[bracketweb.com/delogis-html/main-html/pricing-plans.html]
[bracketweb.com/delogis-html/main-html/login.html]
[bracketweb.com/delogis-html/main-html/assets/images/resources/error-page-img-1.png]
[bracketweb.com/delogis-html/main-html/404.html]
[bracketweb.com/delogis-html/main-html/assets/images/services/services-2-4.jpg]
[bracketweb.com/delogis-html/main-html/assets/images/services/services-2-5.jpg]
[bracketweb.com/delogis-html/main-html/assets/images/services/services-2-6.jpg]
[bracketweb.com/delogis-html/main-html/services.html]
[bracketweb.com/delogis-html/main-html/assets/images/services/services-4-4.jpg]
[bracketweb.com/delogis-html/main-html/assets/images/services/services-4-5.jpg]
[bracketweb.com/delogis-html/main-html/assets/images/services/services-4-6.jpg]
[bracketweb.com/delogis-html/main-html/services-2.html]
[bracketweb.com/delogis-html/main-html/services-3.html]
[bracketweb.com/delogis-html/main-html/services-carousel.html]
[bracketweb.com/delogis-html/main-html/assets/images/backgrounds/banner-one-bg.png]
[bracketweb.com/delogis-html/main-html/assets/images/shapes/banner-one-shape-1.png]
[bracketweb.com/delogis-html/main-html/assets/images/services/services-details-img-2.jpg]
[bracketweb.com/delogis-html/main-html/assets/images/services/services-details-benefit-img.jpg]
[bracketweb.com/delogis-html/main-html/assets/images/services/services-details-book-img.jpg]
[bracketweb.com/delogis-html/main-html/assets/images/shapes/services-details-book-shape-1.png]
[bracketweb.com/delogis-html/main-html/dating-relationship.html]
[bracketweb.com/delogis-html/main-html/assets/images/services/services-details-img-1.jpg]
[bracketweb.com/delogis-html/main-html/self-esteem-issues.html]
[bracketweb.com/delogis-html/main-html/assets/images/services/services-details-img-3.jpg]
[bracketweb.com/delogis-html/main-html/family-psycology.html]
[bracketweb.com/delogis-html/main-html/assets/images/services/services-details-img-6.jpg]
[bracketweb.com/delogis-html/main-html/career-counseling.html]
[bracketweb.com/delogis-html/main-html/assets/images/services/services-details-img-5.jpg]
[bracketweb.com/delogis-html/main-html/anxiety-grief.html]
[bracketweb.com/delogis-html/main-html/assets/images/services/services-details-img-4.jpg]
[bracketweb.com/delogis-html/main-html/young-adult-intensive.html]
[bracketweb.com/delogis-html/main-html/assets/images/project/cases-2-5.jpg]
[bracketweb.com/delogis-html/main-html/assets/images/project/cases-2-6.jpg]
[bracketweb.com/delogis-html/main-html/cases-1.html]
[bracketweb.com/delogis-html/main-html/assets/images/project/cases-3-4.jpg]
[bracketweb.com/delogis-html/main-html/assets/images/project/cases-3-5.jpg]
[bracketweb.com/delogis-html/main-html/assets/images/project/cases-3-6.jpg]
[bracketweb.com/delogis-html/main-html/cases-2.html]
[bracketweb.com/delogis-html/main-html/assets/images/project/cases-4-5.jpg]
[bracketweb.com/delogis-html/main-html/assets/images/project/cases-4-6.jpg]
[bracketweb.com/delogis-html/main-html/cases-3.html]
[bracketweb.com/delogis-html/main-html/assets/images/project/cases-5-5.jpg]
[bracketweb.com/delogis-html/main-html/assets/images/project/cases-5-6.jpg]
[bracketweb.com/delogis-html/main-html/cases-4.html]
[bracketweb.com/delogis-html/main-html/cases-carousel.html]
[bracketweb.com/delogis-html/main-html/assets/images/project/case-details-img-1.jpg]
[bracketweb.com/delogis-html/main-html/assets/images/project/case-details-img-2.jpg]
[bracketweb.com/delogis-html/main-html/assets/images/project/similar-project-1-1.jpg]
[bracketweb.com/delogis-html/main-html/assets/images/project/similar-project-1-2.jpg]
[bracketweb.com/delogis-html/main-html/assets/images/project/similar-project-1-3.jpg]
[bracketweb.com/delogis-html/main-html/case-details.html]
[bracketweb.com/delogis-html/main-html/assets/images/shop/shop-product-1-1.jpg]
[bracketweb.com/delogis-html/main-html/assets/images/shop/shop-product-1-2.jpg]
[bracketweb.com/delogis-html/main-html/assets/images/shop/shop-product-1-3.jpg]
[bracketweb.com/delogis-html/main-html/assets/images/shop/shop-product-1-4.jpg]
[bracketweb.com/delogis-html/main-html/assets/images/shop/shop-product-1-5.jpg]
[bracketweb.com/delogis-html/main-html/assets/images/shop/shop-product-1-6.jpg]
[bracketweb.com/delogis-html/main-html/assets/images/shop/shop-product-1-7.jpg]
[bracketweb.com/delogis-html/main-html/assets/images/shop/shop-product-1-8.jpg]
[bracketweb.com/delogis-html/main-html/assets/images/shop/shop-product-1-9.jpg]
[bracketweb.com/delogis-html/main-html/products.html]
[bracketweb.com/delogis-html/main-html/assets/images/shop/product-details-img-1.jpg]
[bracketweb.com/delogis-html/main-html/assets/images/shop/review-1-1.jpg]
[bracketweb.com/delogis-html/main-html/assets/images/shop/review-1-2.jpg]
[bracketweb.com/delogis-html/main-html/product-details.html]
[bracketweb.com/delogis-html/main-html/assets/images/shop/cart-page-img-1.jpg]
[bracketweb.com/delogis-html/main-html/assets/images/shop/cart-page-img-2.jpg]
[bracketweb.com/delogis-html/main-html/cart.html]
[bracketweb.com/delogis-html/main-html/assets/images/shop/paypal-1.jpg]
[bracketweb.com/delogis-html/main-html/checkout.html]
[bracketweb.com/delogis-html/main-html/assets/images/blog/blog-1-4.jpg]
[bracketweb.com/delogis-html/main-html/assets/images/blog/blog-1-5.jpg]
[bracketweb.com/delogis-html/main-html/assets/images/blog/blog-1-6.jpg]
[bracketweb.com/delogis-html/main-html/assets/images/blog/blog-1-7.jpg]
[bracketweb.com/delogis-html/main-html/assets/images/blog/blog-1-8.jpg]
[bracketweb.com/delogis-html/main-html/assets/images/blog/lp-1-1.jpg]
[bracketweb.com/delogis-html/main-html/assets/images/blog/lp-1-2.jpg]
[bracketweb.com/delogis-html/main-html/assets/images/blog/lp-1-3.jpg]
[bracketweb.com/delogis-html/main-html/assets/images/backgrounds/sidebar-cases-bg.jpg]
[bracketweb.com/delogis-html/main-html/assets/images/backgrounds/sidebar-cases-bg-2.jpg]
[bracketweb.com/delogis-html/main-html/blog-2.html]
[bracketweb.com/delogis-html/main-html/blog-3.html]
[bracketweb.com/delogis-html/main-html/blog.html]
[bracketweb.com/delogis-html/main-html/assets/images/blog/blog-4-5.jpg]
[bracketweb.com/delogis-html/main-html/assets/images/blog/blog-4-6.jpg]
[bracketweb.com/delogis-html/main-html/assets/images/blog/blog-4-7.jpg]
[bracketweb.com/delogis-html/main-html/assets/images/blog/blog-4-8.jpg]
[bracketweb.com/delogis-html/main-html/blog-4.html]
[bracketweb.com/delogis-html/main-html/blog-5.html]
[bracketweb.com/delogis-html/main-html/blog-6.html]
[bracketweb.com/delogis-html/main-html/assets/images/blog/blog-sidebar-1-1.jpg]
[bracketweb.com/delogis-html/main-html/assets/images/blog/blog-sidebar-1-2.jpg]
[bracketweb.com/delogis-html/main-html/assets/images/blog/blog-sidebar-1-3.jpg]
[bracketweb.com/delogis-html/main-html/assets/images/icon/blog-sidebar-bottom-box-icon.png]
[bracketweb.com/delogis-html/main-html/assets/images/icon/blog-sidebar-provide-services-icon.png]
[bracketweb.com/delogis-html/main-html/blog-sidebar.html]
[bracketweb.com/delogis-html/main-html/blog-7.html]
[bracketweb.com/delogis-html/main-html/blog-8.html]
[bracketweb.com/delogis-html/main-html/blog-carousel.html]
[bracketweb.com/delogis-html/main-html/assets/images/blog/blog-details-img-1.jpg]
[bracketweb.com/delogis-html/main-html/assets/images/blog/blog-details-pagenation-img-1.jpg]
[bracketweb.com/delogis-html/main-html/assets/images/blog/blog-details-pagenation-img-2.jpg]
[bracketweb.com/delogis-html/main-html/assets/images/blog/comment-1-1.jpg]
[bracketweb.com/delogis-html/main-html/assets/images/blog/comment-1-2.jpg]
[bracketweb.com/delogis-html/main-html/blog-details.html]
[bracketweb.com/delogis-html/main-html/blog-details-2.html]
[bracketweb.com/delogis-html/main-html/blog-details-3.html]
[bracketweb.com/delogis-html/main-html/assets/vendors/fontawesome/webfonts/fa-brands-400.svg]
[bracketweb.com/delogis-html/main-html/assets/vendors/fontawesome/webfonts/fa-regular-400.svg]
[bracketweb.com/delogis-html/main-html/assets/vendors/fontawesome/webfonts/fa-solid-900.svg]
[bracketweb.com/delogis-html/main-html/assets/vendors/delogis-icons/fonts/icomoon78ed.svg]
[bracketweb.com/delogis-html/main-html/assets/vendors/owl-carousel/owl.video.play.html]
[bracketweb.com/delogis-html/main-html/assets/vendors/images/icon/bx_loader.html]
[bracketweb.com/delogis-html/main-html/assets/vendors/img/bx-slider/controls.html]
[bracketweb.com/delogis-html/main-html/assets/vendors/vegas/overlays/02.html]
[bracketweb.com/delogis-html/main-html/assets/vendors/timepicker/images/ui-icons_444444_256x240.html]
[bracketweb.com/delogis-html/main-html/assets/vendors/delogis-icons-two/fonts/delogis-icons-two64c8.eot]
[bracketweb.com/delogis-html/main-html/assets/vendors/delogis-icons-two/fonts/delogis-icons-two64c8.ttf]
[bracketweb.com/delogis-html/main-html/assets/vendors/delogis-icons-two/fonts/delogis-icons-two64c8.woff]
[bracketweb.com/delogis-html/main-html/assets/vendors/delogis-icons-two/style.css]
[bracketweb.com/delogis-html/main-html/assets/css/delogis-color-1.css]
[bracketweb.com/delogis-html/main-html/www.website.html]
[bracketweb.com/delogis-html/main-html/assets/css/delogis-dark.css]
[bracketweb.com/delogis-html/main-html/assets/css/delogis-color-2.css]
[bracketweb.com/delogis-html/main-html/assets/css/delogis-responsive.html]
[bracketweb.com/delogis-html/main-html/assets/vendors/delogis-icons-two/fonts/delogis-icons-two64c8.svg]
[bracketweb.com/delogis-html/main-html/assets/css/delogis-rtl.css]
[bracketweb.com/delogis-html/main-html/assets/images/shapes/section-title-shape-rtl.png]
[bracketweb.com/delogis-html/main-html/assets/css/delogis-rtl-custom.css]
[bracketweb.com/delogis-html/main-html/assets/vendors/layerdrops-toolbar/css/layerdrops-toolbar.css]
[bracketweb.com/delogis-html/main-html/assets/vendors/delogis-icons-two/fonts/delogis-icons-two64c8.svg]
